W190427 20:53:39.375022 26 workload/kv/kv.go:378  JENNDEBUG, keys:[[1409 2 4930 2 1004 191 5703 100 14269 1657]], elapsed:[141.7696ms]
W190427 20:53:39.421158 115 workload/kv/kv.go:378  JENNDEBUG, keys:[[8 105 2 135059 2 4372 1626510899850 76 21422968 14]], elapsed:[187.71111ms]
W190427 20:53:39.451552 122 workload/kv/kv.go:378  JENNDEBUG, keys:[[6 7374284 43731 267077301 609892584095 129 2 11382 1615 5652846603949705216]], elapsed:[218.058515ms]
W190427 20:53:39.484989 136 workload/kv/kv.go:378  JENNDEBUG, keys:[[0 1 265587 862184 2501751669876 90266 1268 6 2 3021]], elapsed:[251.689193ms]
W190427 20:53:39.866260 119 workload/kv/kv.go:378  JENNDEBUG, keys:[[351780525442 3 17768820801575 104 27 5 713 16531392455263 93 43631469]], elapsed:[632.337215ms]
W190427 20:53:40.034883 25 workload/kv/kv.go:378  JENNDEBUG, keys:[[362245 2543 0 704 2087824956917 81 21 549187 1355 101535597808869120]], elapsed:[801.507626ms]
W190427 20:53:40.152674 123 workload/kv/kv.go:378  JENNDEBUG, keys:[[18182288 52 38977132 0 3896 0 533 543573120213 69 274988]], elapsed:[918.935931ms]
W190427 20:53:40.197540 134 workload/kv/kv.go:378  JENNDEBUG, keys:[[9897871563028264 5268 1282 3345 0 8163 0 1129 399547780966827 127]], elapsed:[963.469993ms]
W190427 20:53:40.243087 134 workload/kv/kv.go:378  JENNDEBUG, keys:[[1812466043 33 1951099 6 2659 35431025260 58 7762474 10 250777]], elapsed:[45.453593ms]
W190427 20:53:40.279060 117 workload/kv/kv.go:378  JENNDEBUG, keys:[[13 95 34041509629132188 8319 1435175 3406 8102453 225163 7065 0]], elapsed:[1.045445616s]
W190427 20:53:40.358972 118 workload/kv/kv.go:378  JENNDEBUG, keys:[[78 2634 1 883 72756857 1177692 19685 1 2120 0]], elapsed:[1.125723267s]
W190427 20:53:40.417281 129 workload/kv/kv.go:378  JENNDEBUG, keys:[[663765391359604224 1 9561 1 1294 1732385591571545 31 402 44378025206 56 8682377 2 5147 0 1745 0 179]], elapsed:[1.183343465s]
W190427 20:53:40.598505 31 workload/kv/kv.go:378  JENNDEBUG, keys:[[1315 69972750267313 2747017 2691921 3 38437 2098 0 2 31293540298191840]], elapsed:[1.364946557s]
W190427 20:53:40.644062 116 workload/kv/kv.go:378  JENNDEBUG, keys:[[4 866415 82 589 8109270874447772 65145 61 9 3 392165]], elapsed:[1.410563951s]
W190427 20:53:40.648505 129 workload/kv/kv.go:378  JENNDEBUG, keys:[[7058394230 43 3157530 13 1457 271 5668086562 39 3085011 2]], elapsed:[231.141632ms]
W190427 20:53:40.826033 131 workload/kv/kv.go:378  JENNDEBUG, keys:[[3707 4012065298855 666 7 247686 31 30 47 3 483]], elapsed:[1.592408598s]
W190427 20:53:40.832663 33 workload/kv/kv.go:378  JENNDEBUG, keys:[[8865 25 48321472769522 9 148901722127 55130647 215382 865 36939705833851 109]], elapsed:[1.59943728s]
W190427 20:53:41.086011 27 workload/kv/kv.go:378  JENNDEBUG, keys:[[530238 145016274212 17 5 423 99275425091 57 9775076 18 256065 3 824 6182509674349 86]], elapsed:[1.852692507s]
W190427 20:53:41.286028 131 workload/kv/kv.go:378  JENNDEBUG, keys:[[67905012 27 952399 5 36569 1885 3750021715 41 3385831 7]], elapsed:[459.816551ms]
W190427 20:53:41.428340 127 workload/kv/kv.go:378  JENNDEBUG, keys:[[153 48126504996 1795 22 2281 168934 847 721666 1 618425]], elapsed:[2.194995596s]
W190427 20:53:41.428412 27 workload/kv/kv.go:378  JENNDEBUG, keys:[[335275158 23 596 949053451058 86 23 1326 10423361094002188 134 4332921868]], elapsed:[342.307538ms]
W190427 20:53:41.570626 128 workload/kv/kv.go:378  JENNDEBUG, keys:[[3032836 257 11079018 35753713 149 1102 957285965987942 133 32 1454805]], elapsed:[2.336201784s]
W190427 20:53:41.725952 120 workload/kv/kv.go:378  JENNDEBUG, keys:[[66 8747 4 60 16 3 753 8626842014323 24 568145]], elapsed:[2.492223428s]
W190427 20:53:41.765935 133 workload/kv/kv.go:378  JENNDEBUG, keys:[[1 24391600672082 23 4 7186 1 2849 83347814359 51 6123516 15 183874 3 15016]], elapsed:[2.531932572s]
W190427 20:53:41.807273 117 workload/kv/kv.go:378  JENNDEBUG, keys:[[6898 0 353 12439807463 14 3 302 43 12 590]], elapsed:[1.52814827s]
W190427 20:53:41.854258 122 workload/kv/kv.go:378  JENNDEBUG, keys:[[157 8914486378 37 2439884 0 22379 1432 58451216052044696 290 2969306717]], elapsed:[2.402602814s]
W190427 20:53:41.977541 124 workload/kv/kv.go:378  JENNDEBUG, keys:[[19715499 65 5 1101973 6 26434 2988 0 2010 0 3266 0 69576124 3 1209853 5 56832 1 2586 0 440 50356800907 59 67882254]], elapsed:[2.74254506s]
W190427 20:53:42.016751 31 workload/kv/kv.go:378  JENNDEBUG, keys:[[471 163190833889 70 14354830 19 21542 1 30673441873503 437680965 853491]], elapsed:[1.418162071s]
W190427 20:53:42.267475 114 workload/kv/kv.go:378  JENNDEBUG, keys:[[4414395897 246 0 1837711 7 100753 2 149479 5178 718873707977 71 20586143 19 430258 4 2779 0 784 94 28 4400 0 744 5196941042424 97]], elapsed:[3.033816279s]
W190427 20:53:42.273341 29 workload/kv/kv.go:378  JENNDEBUG, keys:[[43 5 0 903 591059 13866 1 14932961634 3623161 108287 2 377 57165086973 52 420619906 659345 31745 1849 5149977107 42 2256103]], elapsed:[3.040046156s]
W190427 20:53:42.534626 123 workload/kv/kv.go:378  JENNDEBUG, keys:[[3 679613 5 3666 0 1357 7929812352952798 240 2832430595 33 2019362 10 3412]], elapsed:[2.381873465s]
W190427 20:53:42.706839 127 workload/kv/kv.go:378  JENNDEBUG, keys:[[36 75950 3463 0 558 241126909003 17 298316 3 1001]], elapsed:[1.278405465s]
W190427 20:53:42.857543 117 workload/kv/kv.go:378  JENNDEBUG, keys:[[652232921324 80 24972477 20 415002 3 1 393 47088281069 53 8815583 15 206616 3 13260 82236014494149 1095941876]], elapsed:[1.0502003s]
W190427 20:53:42.963396 134 workload/kv/kv.go:378  JENNDEBUG, keys:[[3 1 1975 49 5951866 182139 10866 0 345 17998027705 51 19713404]], elapsed:[2.720234303s]
W190427 20:53:43.292942 33 workload/kv/kv.go:378  JENNDEBUG, keys:[[47945 1 1754 4748486082772315136 298 8883299971 40 17267532 12 121212]], elapsed:[2.460173349s]
W190427 20:53:43.343120 125 workload/kv/kv.go:378  JENNDEBUG, keys:[[12 26 713650408 29179304619 0 1 579 323034517376 73 99888658 20 470410 3 27495 1]], elapsed:[4.109190867s]
W190427 20:53:43.477145 25 workload/kv/kv.go:378  JENNDEBUG, keys:[[147 2243238439 37 499 438804499938 61 18 282380 23347 1]], elapsed:[3.442181547s]
W190427 20:53:43.522126 25 workload/kv/kv.go:378  JENNDEBUG, keys:[[493 223937988342 64 109074955 18 305177 17453 1285 932192809 31]], elapsed:[44.913402ms]
W190427 20:53:43.706732 131 workload/kv/kv.go:378  JENNDEBUG, keys:[[120545 2 24 7 1 436 72558544206 62 39665978 15]], elapsed:[2.420639468s]
W190427 20:53:43.892069 127 workload/kv/kv.go:378  JENNDEBUG, keys:[[438197425411543 200 1360028423 34 1396079 9 39071 255 4779766955 37]], elapsed:[1.185148956s]
W190427 20:53:43.919391 114 workload/kv/kv.go:378  JENNDEBUG, keys:[[11 102551 2 907 25 8 2592044 97179 2 8442]], elapsed:[1.65184197s]
W190427 20:53:43.977312 27 workload/kv/kv.go:378  JENNDEBUG, keys:[[2111034 10 2 81121 2 37 78814 2 549 369227157128 17 212453 3]], elapsed:[2.548831699s]
W190427 20:53:44.089124 28 workload/kv/kv.go:378  JENNDEBUG, keys:[[12885 39 115 0 912 338478828275588 114 921173966 32 983186 217 33790195559 49 5209403 13 142089 2 11083 1 2631 0 417 41337570960 52 38007557 14 7041819742040710144 539067926 41335]], elapsed:[4.855743634s]
W190427 20:53:44.428447 125 workload/kv/kv.go:378  JENNDEBUG, keys:[[1287 0 1454 0 314 8255177241 44 19586809 11 116332]], elapsed:[1.085255928s]
W190427 20:53:44.468953 131 workload/kv/kv.go:378  JENNDEBUG, keys:[[225500 0 528 960019251809 70 121982228 19 327394 5 23769]], elapsed:[762.156376ms]
W190427 20:53:44.529079 115 workload/kv/kv.go:378  JENNDEBUG, keys:[[380358 4 29586 1 373 128940 4723 0 57111 2855]], elapsed:[5.107829177s]
W190427 20:53:44.580959 130 workload/kv/kv.go:378  JENNDEBUG, keys:[[24266 431 564991 79 227167824 0 71620 1 44123768033141 704041 1 524 107 16 321982 18960 175 635540217 927829]], elapsed:[5.345965795s]
W190427 20:53:44.916764 131 workload/kv/kv.go:378  JENNDEBUG, keys:[[1 663 335403245503885 130 146306160 19 22310 1 1205 24093892411615844]], elapsed:[447.742479ms]
W190427 20:53:46.003512 127 workload/kv/kv.go:378  JENNDEBUG, keys:[[0 483 53598397 17 234471 3 16768 0 1052 0 207 1662070174 31 6394049 9 352]], elapsed:[2.111363171s]
W190427 20:53:46.652340 123 workload/kv/kv.go:378  JENNDEBUG, keys:[[0 319 16240687696 45 23245553 14 144488 2 2709 0 5472 0 443 132817672032 112 63470993 17 903209]], elapsed:[4.117631909s]
W190427 20:53:46.754030 121 workload/kv/kv.go:378  JENNDEBUG, keys:[[304 97683905 17875 40 1414560 4819925 29043054647363 4 1 33436058510 12 2 142154 9800 0 184 1138377988 30 1050826]], elapsed:[7.518947282s]
W190427 20:53:46.801341 135 workload/kv/kv.go:378  JENNDEBUG, keys:[[1606282 0 95838 2 4199 0 3 212761829 1 1348 1010454968 28 136703 2 6443044249 11175327 82973 2 5107 438 96193733248 85 42705988 15]], elapsed:[7.566888491s]
W190427 20:53:46.839532 30 workload/kv/kv.go:378  JENNDEBUG, keys:[[0 17 1 5 7 99 472974538 41927 2284 0 1500 0 261 3603258193 1 10 7783 0 10608 0 299636670 2897451 7 44975]], elapsed:[7.605891026s]
W190427 20:53:46.918541 120 workload/kv/kv.go:378  JENNDEBUG, keys:[[4 134 2154175 33091 265 2759213655 36 13243413 11 104539]], elapsed:[5.19251749s]
W190427 20:53:46.962969 116 workload/kv/kv.go:378  JENNDEBUG, keys:[[1167 24602079525761888 31 355 26416577481 52 122159 2 5414 0 3 135 19651 1188 228 2964948053 35 7702116 10 62499]], elapsed:[6.318818237s]
W190427 20:53:46.993641 127 workload/kv/kv.go:378  JENNDEBUG, keys:[[23166022715 55 31061226 14 175363 4 20 3 550 61827878]], elapsed:[990.050117ms]
W190427 20:53:48.173646 118 workload/kv/kv.go:378  JENNDEBUG, keys:[[5472 0 620 1345778618433 132 218532146 22 18372 1 394 29510448567 12 156046 4 124 159549761 22 449870 6]], elapsed:[7.814583366s]
W190427 20:53:48.237599 27 workload/kv/kv.go:378  JENNDEBUG, keys:[[17125 0 13279 0 887 0 178 658164231 7 1866 0 1827 0 320 8191611666 73 25635594 12 574 382670881320]], elapsed:[4.260211391s]
W190427 20:53:48.528621 31 workload/kv/kv.go:378  JENNDEBUG, keys:[[5 43172 1 54336 1 2321 0 29 8 59586 1 20509364685802840 24 467 22542361676673 102 17 1]], elapsed:[6.511791476s]
W190427 20:53:48.877036 129 workload/kv/kv.go:378  JENNDEBUG, keys:[[1251044 6 52192 1 2134 0 10603 0 47815661 868748 5 20189 182 705461724 26 4083886 8]], elapsed:[8.228456066s]
W190427 20:53:48.929256 120 workload/kv/kv.go:378  JENNDEBUG, keys:[[0 308625774 2042252 0 10 8773 593 513669552261098 124 100299919]], elapsed:[2.010654947s]
W190427 20:53:48.969780 126 workload/kv/kv.go:378  JENNDEBUG, keys:[[3 0 7323 558 834316513306965 137473625 6442590 0 1261 0 207 1631732054 50]], elapsed:[9.735808936s]
W190427 20:53:49.038984 116 workload/kv/kv.go:378  JENNDEBUG, keys:[[7218 0 5779 0 92 36515141 15 254544 4 17857]], elapsed:[2.075929956s]
W190427 20:53:49.135188 26 workload/kv/kv.go:378  JENNDEBUG, keys:[[2285681701122460672 182 11646582368 48 4700678 8 1697816474 9 72948 2 11588 0 794 251494507 22 557019 4 65335 0 368 35740445796 82 35090483 15 455488 4 11543 0]], elapsed:[9.76006902s]
W190427 20:53:49.347552 129 workload/kv/kv.go:378  JENNDEBUG, keys:[[726 15160423604613672 139 33 6 28832 253 3443070572 8348994 3]], elapsed:[470.448964ms]
W190427 20:53:49.363551 117 workload/kv/kv.go:378  JENNDEBUG, keys:[[1772 0 25726 1 2 290 39 11 8233 0 1 1699 0 3523 0 332 11336020247 72 15502108 12 411987]], elapsed:[6.505931323s]
W190427 20:53:49.833615 124 workload/kv/kv.go:378  JENNDEBUG, keys:[[16 269767 3 8418 1 0 11348 0 841 133849897 20 471938 6 31663 1 2733 256 4465079943 9 70775 2 5373696 60110 2 5716]], elapsed:[7.85599307s]
W190427 20:53:49.915804 29 workload/kv/kv.go:378  JENNDEBUG, keys:[[4372 0 631 3330530649807 125 151446194 21 424208 1 696 8187444774343 145 277216744 23 1887878 6 33933 1 362410 6 0 27556 1 254 9 422 100 18 15841 3439428500252588032 190]], elapsed:[7.642367918s]
W190427 20:53:49.920041 126 workload/kv/kv.go:378  JENNDEBUG, keys:[[8174071 10 69104 3 3337 256 49654516443326 73142186 719230 5]], elapsed:[950.185468ms]
W190427 20:53:50.325948 135 workload/kv/kv.go:378  JENNDEBUG, keys:[[810 12049171139459 177 24 4181 0 114 17 5 1 26 59 89421 0 38088 2 63 13844704 11 122818 4 999 1487899590569353 122 160729354 16829]], elapsed:[3.524470505s]
W190427 20:53:50.326765 28 workload/kv/kv.go:378  JENNDEBUG, keys:[[2065 0 363 22775026969 47 21269118 13 123941 4 161 596682303 7 61526 6485 0 5 8164 2065 0]], elapsed:[6.237526502s]
W190427 20:53:50.367896 28 workload/kv/kv.go:378  JENNDEBUG, keys:[[1518863436 6418759 192148 6279 0 96 43749528 15 602725 4]], elapsed:[41.069257ms]
W190427 20:53:50.702086 29 workload/kv/kv.go:378  JENNDEBUG, keys:[[46162 2 4683 0 10549 222237220198874 119 184330461 20 1804706]], elapsed:[786.189653ms]
W190427 20:53:52.488956 132 workload/kv/kv.go:378  JENNDEBUG, keys:[[0 26 41 3794035 7 223458338 4 193469596792 69700633 5 1 113991 2 374 27240547825 83 23336770 14 169136 4 35009 1 1 845 1415955525990484480 158 352276371 39 2257013 7 2932 0]], elapsed:[13.255290027s]
W190427 20:53:52.639654 126 workload/kv/kv.go:378  JENNDEBUG, keys:[[418 5057397169933 87 30645143 3 11392 0 23385 1 17267 5492923144854568960 174 385957033 43 3451280 8 51176 2 4118]], elapsed:[2.719541911s]
W190427 20:53:52.781089 127 workload/kv/kv.go:378  JENNDEBUG, keys:[[218 741622050 46 5045283 8 39437 2 349 17891155 12 96450 3 8468 0 1609 127499455405001920 168 1980155 7 90418539 23041 0 51494 3]], elapsed:[5.787371171s]
W190427 20:53:52.828694 127 workload/kv/kv.go:378  JENNDEBUG, keys:[[87049 2 3862 0 71 12970763 11 314383 3 8930]], elapsed:[47.541797ms]
W190427 20:53:52.889816 120 workload/kv/kv.go:378  JENNDEBUG, keys:[[5 19236 1 2284 0 2810 0 242 4240677677 54 9514210 10 217921]], elapsed:[3.96048875s]
W190427 20:53:53.056751 128 workload/kv/kv.go:378  JENNDEBUG, keys:[[7344 0 62143 1 47373 4359 0 568696610 27 3566117 7 481 6872580197334 93 53757543 25 963428 5 2172 0 215]], elapsed:[11.486021387s]
W190427 20:53:53.114473 128 workload/kv/kv.go:378  JENNDEBUG, keys:[[20768924736 53 5460 6052818006376 83 40781032 16 636253 5 13082]], elapsed:[57.654952ms]
W190427 20:53:53.638611 33 workload/kv/kv.go:378  JENNDEBUG, keys:[[2 831 181 27 1 3899 0 3453 0 5490248 351 85 14 4 177 1610189 6 482]], elapsed:[10.345593907s]
W190427 20:53:53.641490 29 workload/kv/kv.go:378  JENNDEBUG, keys:[[6 301 879794792780 66 17626628 19 333346 4 10721 555275307349285 121 101914426 30 1468218 28616 2 86793163073 63]], elapsed:[2.939317979s]
W190427 20:53:53.787813 27 workload/kv/kv.go:378  JENNDEBUG, keys:[[133064958 1229576 20613 2676 0 177454225912 61 15219953 12 6750 0 485 55212981223206 111 74161790 18 1420718 5 24867 1 4413 0 819 12873070266025 101 52452785 24 788177 4 1505]], elapsed:[5.550133101s]
W190427 20:53:53.944384 133 workload/kv/kv.go:378  JENNDEBUG, keys:[[1638 0 13000 0 805 40599860466152 21 440895 4 14871 7310 1033 0 1832 0 198 948482377 50 4827850 8 4306 0 2625 0 229 3115808367 62 9774554 11 7753 0 7291730057487 80 387323 10337 1492 61260108727305616 148 2921790579]], elapsed:[12.178310773s]
W190427 20:53:54.161243 31 workload/kv/kv.go:378  JENNDEBUG, keys:[[1 29 1 5637 0 171 680504432 46 1101 1813861352073314 124 2857836597 36 2478 0 237 49794420411 57]], elapsed:[5.632544923s]
W190427 20:53:54.470580 116 workload/kv/kv.go:378  JENNDEBUG, keys:[[0 9137 0 1240 1597666075933260 137 163608272 35 2189697 6 47 6006340 8 63920 2 4907 0 22 1414 402768659552334400]], elapsed:[5.431507629s]
W190427 20:53:54.516724 116 workload/kv/kv.go:378  JENNDEBUG, keys:[[33 2233641 7 30090 2 3253 535 239708431651 69 19125732]], elapsed:[46.059835ms]
W190427 20:53:54.854042 119 workload/kv/kv.go:378  JENNDEBUG, keys:[[604657 5 1 0 948 197 26 37843 1 733 2254521691817 147 224991246 24 717101 7 9 52044 0 384 799689863160 76 26757106 13 597037 4 12404 0 9 185 23993611140 46 690 4 0 994 44559586514067 107 673312766]], elapsed:[14.987411078s]
W190427 20:53:55.069739 136 workload/kv/kv.go:378  JENNDEBUG, keys:[[307 320090912505 67 14989247 346711 3 2186 0 15 227661 4 9890 0 4216 0 5055 0 714 10962889912097 93 311633897 26 4323 0]], elapsed:[15.584643229s]
W190427 20:53:55.074360 32 workload/kv/kv.go:378  JENNDEBUG, keys:[[149 18105 8 1 609 928919712999 72 266381 3 1054 87671455222265 180 848066989 28 1111555 1 12 45359 0 324 9775831100 43 4304005 2 112660 2 679 2175675111523 84 434034]], elapsed:[15.840759997s]
W190427 20:53:55.118404 25 workload/kv/kv.go:378  JENNDEBUG, keys:[[1371718 8 1 61015 1 822 6083096855736 167 602954128 26 912137 8 36334 1 104361 2 1241 37026327385302632 157 4010379280 39 2377448]], elapsed:[11.596206059s]
W190427 20:53:55.163479 131 workload/kv/kv.go:378  JENNDEBUG, keys:[[216 1713621027 34 6520509 87132 2 1 12923 0 176 16959355228 46 3893387 9 0 2798190 8 4827 0 475 216578552872 66 168346 3 47 3915841 8 153668 2 91393 3353 296969196842 63 14965483]], elapsed:[10.246616724s]
W190427 20:53:55.208768 119 workload/kv/kv.go:378  JENNDEBUG, keys:[[26 996572 5 1768 138707856347173664 158 7433346013 40 3831080 8 8349 1275 132]], elapsed:[354.648762ms]
W190427 20:53:55.215888 114 workload/kv/kv.go:378  JENNDEBUG, keys:[[1123 1357990225569058 252 2575164194 2315588 9 6477 0 35378 1 2 1 1487247940618763 1893530093 32 1642217 1 2421 0]], elapsed:[11.296411703s]
W190427 20:53:55.481320 123 workload/kv/kv.go:378  JENNDEBUG, keys:[[5 682 251254208 7 0 18392996 13 3742 1343017364552 25582330 497908 10743 1 29377 1 1601]], elapsed:[8.828903206s]
W190427 20:53:55.842661 123 workload/kv/kv.go:378  JENNDEBUG, keys:[[0 342 12882006736 47 2 1657 271839716422652480 35 1786331 6 3194 0 571 166774989952 68]], elapsed:[361.269675ms]
W190427 20:53:56.257280 119 workload/kv/kv.go:378  JENNDEBUG, keys:[[251 73078120298 56 6364174 15 3 16309012016 4192836 136444 4935]], elapsed:[1.048438882s]
W190427 20:53:56.309169 30 workload/kv/kv.go:378  JENNDEBUG, keys:[[334 12213935 12 284 7867496690 70 10385851 11 6230 0 400169 3 11036 1398 15763987565791568 151 441136913 38 3069066 7 0 3762 185516518243 65 10198247 11 3 1961 0 3005 419 116600162497 60 214429 3 1584 179]], elapsed:[9.469517951s]
W190427 20:53:56.342916 122 workload/kv/kv.go:378  JENNDEBUG, keys:[[39 70128 1 245 3861274978 41 66777 6182 2940 0 284 562113121236 76 1575 0 725 977092716913 19 314277 3]], elapsed:[14.488587919s]
W190427 20:53:56.591748 117 workload/kv/kv.go:378  JENNDEBUG, keys:[[129 149079058 21 1308950 6 0 6526 3571009519562 88 35420303 617261 13862 1 4127516 3709 0 978]], elapsed:[7.228117159s]
W190427 20:53:56.660971 116 workload/kv/kv.go:378  JENNDEBUG, keys:[[967 415838877480676 127 126827226 33 1425890 5 62334 1 35950]], elapsed:[2.144165229s]
W190427 20:53:56.975566 119 workload/kv/kv.go:378  JENNDEBUG, keys:[[0 1261329 49489 2835 0 478 13 5394 0 890]], elapsed:[718.21896ms]
W190427 20:53:57.018381 30 workload/kv/kv.go:378  JENNDEBUG, keys:[[4217 0 891296 51977 2240 12174828882 43 3976084 13 132102]], elapsed:[709.141663ms]
W190427 20:53:57.066253 127 workload/kv/kv.go:378  JENNDEBUG, keys:[[1224 12153309474649560 144 1517235763 35 1487937 6 6 2864 0 3948 0 3 1161 304832287098704 224 1694387087 33 2184 0 5332 0 748 3578779803560 144 344478715 24 685932]], elapsed:[4.237475972s]
W190427 20:53:57.108247 114 workload/kv/kv.go:378  JENNDEBUG, keys:[[244154 6756 0 384 85286991587 59 7438589 16 205654 3 15028 0 1547 546866322546162304 280 4265173259 43 3411857 11 122132]], elapsed:[1.892283014s]
W190427 20:53:57.310690 117 workload/kv/kv.go:378  JENNDEBUG, keys:[[509823921567006 25 931344 5 7075226 130129364826 65 16 3 1135]], elapsed:[718.58279ms]
W190427 20:53:57.341969 125 workload/kv/kv.go:378  JENNDEBUG, keys:[[0 1552 0 268 5149533078 67 12074039 12 266 4624217 8 4084 0 590 483482974169 70 155355454 20 433864 4 10 2847052025146350 237]], elapsed:[12.913421609s]
W190427 20:53:57.378791 125 workload/kv/kv.go:378  JENNDEBUG, keys:[[45961342482 30618825 200227 16449 956 317534415 23 738150 4 37884]], elapsed:[36.761371ms]
W190427 20:53:57.975357 27 workload/kv/kv.go:378  JENNDEBUG, keys:[[0 0 19 347768 3 753005 4 90533679460 11388463 275852 8210 1 1782 0 1078 211095990372285 198 679958465 28 1327175 8 54172]], elapsed:[4.187458601s]
W190427 20:53:58.041058 32 workload/kv/kv.go:378  JENNDEBUG, keys:[[8910 1 291 89578 2 82778 1 2858 0 196724]], elapsed:[2.9666221s]
W190427 20:53:58.681581 135 workload/kv/kv.go:378  JENNDEBUG, keys:[[235 53 9 3 0 1943 0 1316 197983957973133216 235 3664177437 37 1863256 11 94842 2 466 58 17 1808597 1 102713536436 176676 2 164 860731 44963 320 10890558231 45 4470215]], elapsed:[8.355537143s]
W190427 20:53:58.712685 132 workload/kv/kv.go:378  JENNDEBUG, keys:[[505 357841425924911 117 909115 5 2408 45 5068304 9 20350 1 906 191563302786850 26 705339 5 19073 1 803 27 795 6480698103723 161 431977670 22 25969]], elapsed:[6.223646887s]
W190427 20:53:58.746046 29 workload/kv/kv.go:378  JENNDEBUG, keys:[[7083 863 57744244918873 102 100305598 30 2363 0 344 1198703247986 77 19364829 478858 4 599 2026029586628 76 28829038 20 385605 4 27363 1 1031 1219976445452612 110 1278922116 31 1145415 6 68677 1 9869]], elapsed:[5.104445522s]
W190427 20:53:59.834588 32 workload/kv/kv.go:378  JENNDEBUG, keys:[[6430 0 3501 0 528 663009809218 120 100239850 21 439793]], elapsed:[1.793458705s]
W190427 20:54:00.189613 121 workload/kv/kv.go:378  JENNDEBUG, keys:[[8 399 2840312097299 88 51023613 15 737 355642559290037248 161 366771562 2761983 7 15625 0 2537 0 1408 2699815499 33 1357810 9 3370 0 511 218093668279 103 62592977 18 305232 0 12817 0 891]], elapsed:[13.435488242s]
W190427 20:54:00.300269 25 workload/kv/kv.go:378  JENNDEBUG, keys:[[10 6039 897 15837928313622 106 636644443 28 1094911 41919 1 304570289 24 535139 4 1 343 18521439022 78 155989 0]], elapsed:[5.181783252s]
W190427 20:54:00.491897 122 workload/kv/kv.go:378  JENNDEBUG, keys:[[10738 1 92040462 286367 21704 1391 0 5231 0 1150 0 254 2274468095 37 7969201 9 77274 0]], elapsed:[4.148890489s]
W190427 20:54:00.544530 26 workload/kv/kv.go:378  JENNDEBUG, keys:[[1806 9102866724377191424 170 771347854 6 27490 2 3649 0 1299 3826933555136108 249 36 2 7 1 8692 0 189 7]], elapsed:[11.409258999s]
W190427 20:54:00.687662 128 workload/kv/kv.go:378  JENNDEBUG, keys:[[1 2292 0 346 26756696259 48 6871747 15 170031 2 707 1491405294182 87 33513932 23 694087 4 5 9914887120 44 3963 0 341051 4 22173 1 347 14068298557 50 32955142 13 183441 0 437 51554681544 15 2 218535 143 643362 7 309 16612129897 76 23553507 150875]], elapsed:[7.573093553s]
W190427 20:54:00.862388 120 workload/kv/kv.go:378  JENNDEBUG, keys:[[3 8176 0 1714031 7 10 3 6203 0 629 802139075621 78 181708315 19 417849 5 23192 1 20086088 13 316 11 19 26186 227 2171901681 30 6429354]], elapsed:[7.972491428s]
W190427 20:54:01.099072 27 workload/kv/kv.go:378  JENNDEBUG, keys:[[4863 0 2721450 8 338 6748143300 44 17474549 12 141351 2 808 115852706466236896 174]], elapsed:[3.123639579s]
W190427 20:54:01.217369 30 workload/kv/kv.go:378  JENNDEBUG, keys:[[2 1 20 7 4 230099785 24 14 0 524 17730151501072 104 71448661 17 384 26392147 150413 3]], elapsed:[4.198900502s]
W190427 20:54:01.272780 136 workload/kv/kv.go:378  JENNDEBUG, keys:[[4 66039 2 0 1 0 13 3 6138578132393 91 185245235 23 554097 4 1009 93649940935676 116 1614242646 30 9 1 1 14 40547 1 3850 0 1542 0 281 58]], elapsed:[6.202938985s]
W190427 20:54:01.631656 114 workload/kv/kv.go:378  JENNDEBUG, keys:[[2 2287 402 42427806946 53 46159670 15 168940 4 12946 0 6432 0 503 309068858902 108 97714018 18 905 299645437373082 208 813881853 31 4400978 8 53420 1 433]], elapsed:[4.523318537s]
W190427 20:54:01.901792 131 workload/kv/kv.go:378  JENNDEBUG, keys:[[17 256666 3 0 13 112999 2 3019 0 961 0 23068 1 13779 151 384524793 24 1960313 7]], elapsed:[6.738238189s]
W190427 20:54:02.003539 133 workload/kv/kv.go:378  JENNDEBUG, keys:[[36 2481765 7 110156 2 22 4 375505 3 761 21916253028913 92 527622629 24 608440 1 754745374484656000 6646999499 42 3090361 11 96706 2 1492 1440794814 34 1733812 6 647 17 3 1 702 84907712591915168 145 185475785 6 542 185316296318647 110 131831254 19]], elapsed:[8.059067986s]
W190427 20:54:02.432381 126 workload/kv/kv.go:378  JENNDEBUG, keys:[[650 4140359886569 92 37330624 4 2 0 212 46736381455 55 4814484 14 156199 2 2559 0 408 51 15 3 0 70362 1 243 2403799229 33 10120283 10 79808 2 1093156 1 16707 0 4142 23062871648 12 617 131 21 80324 2]], elapsed:[9.792294093s]
W190427 20:54:02.441278 119 workload/kv/kv.go:378  JENNDEBUG, keys:[[83931090426658 111 440374937 27 7 1 30552 1803 0 299 7531737263 10 95926 2 6282 0 175 551402594 29 4289700 9 460 33916378485065 109 68337098 4]], elapsed:[5.465622552s]
W190427 20:54:02.474892 127 workload/kv/kv.go:378  JENNDEBUG, keys:[[1 990 0 13691 0 148 28543 0 12 624 111925696 18 370241 5 19087 1 350 20751503 8512 1287197734662 137508008 1794143 6 74090 2 965539816]], elapsed:[5.408517568s]
W190427 20:54:02.492126 119 workload/kv/kv.go:378  JENNDEBUG, keys:[[931 0 186 28 3418934 8 5416 0 441 22677376]], elapsed:[50.7717ms]
W190427 20:54:02.527794 131 workload/kv/kv.go:378  JENNDEBUG, keys:[[31493 1 1239449 6 146656 11615 783 161 318525661 3047797]], elapsed:[625.9342ms]
W190427 20:54:02.540814 119 workload/kv/kv.go:378  JENNDEBUG, keys:[[735481446197417856 40 7 46819 0 299 7840291156 64 13036263 12]], elapsed:[48.620042ms]
W190427 20:54:02.588089 119 workload/kv/kv.go:378  JENNDEBUG, keys:[[1311 10983725202421592 134 316844546 6 24294 2499 0 258 2831890487]], elapsed:[47.203025ms]
W190427 20:54:02.639329 117 workload/kv/kv.go:378  JENNDEBUG, keys:[[1072215059 32 48622 1 0 423 75456166377 14 145136 2 58383 1 122729 3 6700166662 11725793 10 86298 8063 0 105 18]], elapsed:[5.32855932s]
W190427 20:54:02.699266 123 workload/kv/kv.go:378  JENNDEBUG, keys:[[73182176 17 2074 49 9 2 482 454141893941 71 84947921 19 316421 0 633 2273122001755 79 31224 1683 0 309 12369392551 43 75866 2 285 8484528345 46 16485501 13 3169 269 6889982 10 6166622 457]], elapsed:[6.856205248s]
W190427 20:54:03.958190 132 workload/kv/kv.go:378  JENNDEBUG, keys:[[1469 4591375753988641280 275 8431003684 39 10509222 11 103949 2 6780467148 7367 0 560 727247959704 119 83600515 6 208 1015880885 33 7484553 9 44381 2 337 2586261565376 77 24787315]], elapsed:[5.244804143s]
W190427 20:54:04.116773 124 workload/kv/kv.go:378  JENNDEBUG, keys:[[0 0 1022134 5 44791 1 305082 9547 0 1 4793 60610650224 101 45640115 15 737466 4 14754 4627180151360660 149]], elapsed:[14.283050499s]
W190427 20:54:04.507663 114 workload/kv/kv.go:378  JENNDEBUG, keys:[[68440957265 90 61429010 16 230499 5 2012 0 576 151611450317780]], elapsed:[2.875932529s]
W190427 20:54:04.553244 114 workload/kv/kv.go:378  JENNDEBUG, keys:[[123 98427851 28 5 1296933375 67608 6195 779 28080180963645 94]], elapsed:[45.481939ms]
W190427 20:54:04.592540 124 workload/kv/kv.go:378  JENNDEBUG, keys:[[267356240 22 2729466 7 10125483 68508 3 2097661514187247104 43 49280]], elapsed:[475.694775ms]
W190427 20:54:04.640853 30 workload/kv/kv.go:378  JENNDEBUG, keys:[[22396 1 354 31758137926 89 32538621 14 586520 4 0 11423 1360 377196244851124032 405852816 2900254 3134 0 3 1409]], elapsed:[3.423406347s]
W190427 20:54:05.059389 130 workload/kv/kv.go:378  JENNDEBUG, keys:[[397 64773557744 89 45602378 16 220070 0 18707 1 7991 0 229 2695084821 55 9 320 638479830229 79 24477765 13 385 3646272208339 93 17 825420]], elapsed:[20.478286791s]
W190427 20:54:05.241328 136 workload/kv/kv.go:378  JENNDEBUG, keys:[[107 63354145 18 218 1485829704 56 7649811 10 20306 9 566639 4 34314 3320 0 4145 0 384]], elapsed:[3.968467324s]
W190427 20:54:06.364837 136 workload/kv/kv.go:378  JENNDEBUG, keys:[[4364738714279 82 38064259 21 474972 4 15221694026192588 156 24 6]], elapsed:[1.123431546s]
W190427 20:54:06.395234 124 workload/kv/kv.go:378  JENNDEBUG, keys:[[306 10390701662 67 19087328 11 301189 8508 0 4699 0]], elapsed:[1.802607747s]
W190427 20:54:06.441354 124 workload/kv/kv.go:378  JENNDEBUG, keys:[[3468114760099890688 4721759863 2558623 3045 0 280 162038637551 66 14600916 11]], elapsed:[46.043626ms]
W190427 20:54:07.334958 132 workload/kv/kv.go:378  JENNDEBUG, keys:[[15 1 986 645787554 8 4371 0 2016 0 189 1477569476 49 5166908 9 5540 902 63879008998293 99 78488455 4]], elapsed:[3.376684119s]
W190427 20:54:07.843826 27 workload/kv/kv.go:378  JENNDEBUG, keys:[[619093311 25 3828828 7 37737 0 643 6006677243988916 119 159380457 31 1384150 6 12038 1578 146 37 7 644 1004918280806 80 28699810 22 604167 12501 12773816861485300 131 184088527 38 1464093 1 823 8525344379304 98]], elapsed:[6.744667141s]
W190427 20:54:08.054013 130 workload/kv/kv.go:378  JENNDEBUG, keys:[[15258 1 232 153237518975 60 9398272 11 211414 3 16678 1 4596 681879100384 70 24910420 13 1430 6358077768 2368100]], elapsed:[2.994546227s]
W190427 20:54:08.332914 124 workload/kv/kv.go:378  JENNDEBUG, keys:[[392304 3 61641726214503480 164 39 2 1201 28 19756 1]], elapsed:[1.891487748s]
W190427 20:54:08.379685 132 workload/kv/kv.go:378  JENNDEBUG, keys:[[528 919323586097 72 17656389 3 23322413466 6230689 5326 751 5252047955968]], elapsed:[1.044632506s]
W190427 20:54:08.632149 28 workload/kv/kv.go:378  JENNDEBUG, keys:[[1854 0 1154 109651495204350 109 892226 5 6120674 212846 3 1812 0 17782 1 403618 4 1358 52948898343496152 138 298241398 33 1633716 6 71965]], elapsed:[18.264155295s]
W190427 20:54:08.684620 31 workload/kv/kv.go:378  JENNDEBUG, keys:[[1093 236595508445467 123 856632 4 48454 2535 0 26554 1 20226 0 423 21920250135 87 34075493 14151 0 82447 2 4 0 42 3285298 7 100720 2 3597 0 634 1693177256846 84 26767356 20 461700 4 604]], elapsed:[14.523255318s]
W190427 20:54:08.730845 134 workload/kv/kv.go:378  JENNDEBUG, keys:[[14 150053 2 1164 1177548095989338 210 1232438958 29 4588256 9 193139 3 13701 0 31982 1 14589 0 32505 1 76158661 301633 5 0 7702 0 1096 144440709211847 124 968878103]], elapsed:[25.767366228s]
W190427 20:54:08.923732 114 workload/kv/kv.go:378  JENNDEBUG, keys:[[183 4761913 2 158 42 7 7034519333535688 152 1297047 5 2629 0 7167 0 921 76151921101457 107 1094072486 29 1035993]], elapsed:[4.370409999s]
W190427 20:54:09.048643 115 workload/kv/kv.go:378  JENNDEBUG, keys:[[0 121213 0 539 445976913672 109 108751972 20 23423 1 4732 0 44100041 5 4971 0 0 810 431786 12355 1754 0 170 14102832079]], elapsed:[24.519473787s]
W190427 20:54:09.144829 33 workload/kv/kv.go:378  JENNDEBUG, keys:[[11294734 3 11033064 275591 6293 0 3266 0 26296328576621 527611716 8 1 730 1954864643611 83 206170194 445046 1 307111 5 1240 0 196 2922653 8 2 38 2797404 7 4 1110 328095500802840 134 175723259 32 56844 2850 0 3218 0 458 218438699727]], elapsed:[15.506107552s]
W190427 20:54:09.208232 117 workload/kv/kv.go:378  JENNDEBUG, keys:[[2377 0 19706 1 2 0 19333 546922 1181 877536106 29 1340616 6 2323 0]], elapsed:[6.568830413s]
W190427 20:54:09.243949 123 workload/kv/kv.go:378  JENNDEBUG, keys:[[15995 0 9183 1 213 4962236 154133 5407 0 776 41587893798439 100 54896832 28 682155]], elapsed:[6.544607711s]
W190427 20:54:09.548071 127 workload/kv/kv.go:378  JENNDEBUG, keys:[[13 1969 0 219 46567933149 53 8675821 9 5054 0 35612 2 19467438094 46 8 3 16 233687 3 31983 1859 0 4263 0 1036330363159 155441350]], elapsed:[7.073091702s]
W190427 20:54:09.590269 31 workload/kv/kv.go:378  JENNDEBUG, keys:[[416999316130 67 251835 3 3055 548 377067661765 67 282848 3]], elapsed:[905.578579ms]
W190427 20:54:09.613200 126 workload/kv/kv.go:378  JENNDEBUG, keys:[[14497 0 3115 0 276 9 6411 0 2929 0 55 7736758 10 86193 3 6826 0 0 7472 0 990 1174956516876989 122 1205588750 33]], elapsed:[7.180718709s]
W190427 20:54:09.647157 33 workload/kv/kv.go:378  JENNDEBUG, keys:[[60 10339201 19 288247 3 3021 69725709605 52 14 3]], elapsed:[502.254406ms]
W190427 20:54:09.887042 115 workload/kv/kv.go:378  JENNDEBUG, keys:[[40 2788819 12 105581 2 1274 187016009111991712 262 3405564449 40]], elapsed:[838.290374ms]
W190427 20:54:09.932522 33 workload/kv/kv.go:378  JENNDEBUG, keys:[[193 10600278710 47 3632762 12 2883 525 63 17 239964]], elapsed:[285.295447ms]
W190427 20:54:09.975169 136 workload/kv/kv.go:378  JENNDEBUG, keys:[[76 16999879 13 372961 3 160 6709867088 3643201 142402 2 9607 1 278 255535449388 70 13862767 18 317920 3 1 1828 2107034 110486 2 18955 1 1262 27 5]], elapsed:[3.610243306s]
W190427 20:54:10.511724 126 workload/kv/kv.go:378  JENNDEBUG, keys:[[158407 0 4031 0 643 1927557079667 90 260939273 23 700942]], elapsed:[898.458893ms]
W190427 20:54:10.765324 29 workload/kv/kv.go:378  JENNDEBUG, keys:[[0 202 1769031362 32 1539610 10 68689 1 85212 0 1593 291404053076687168 294 7774711590 41 3875571 12 2492 0 1811838]], elapsed:[12.01919152s]
W190427 20:54:10.793857 114 workload/kv/kv.go:378  JENNDEBUG, keys:[[1 253561 13565733253433 427955239 777558 5 41623 1 2067 0]], elapsed:[1.868748346s]
W190427 20:54:11.079059 119 workload/kv/kv.go:378  JENNDEBUG, keys:[[6995 0 6 2573 48075969354 50 5907638 10 198984 3 436 74052964718 62 9976968 16 34 2261434 78998 2 3]], elapsed:[8.490556759s]
W190427 20:54:11.122211 127 workload/kv/kv.go:378  JENNDEBUG, keys:[[1231 1354268167885573 136 2618282065 7 2 189 651828225 1876 313]], elapsed:[1.574071776s]
W190427 20:54:11.970355 32 workload/kv/kv.go:378  JENNDEBUG, keys:[[6 5104 13 10697 0 32699 1 1 65 12764031 11 264459 3 50 9 14209 0 909 43752458755459 114 93126282 31 1348108 5 2180 0 1775 0 197 17843505088 51 5538583 8 4786 11007421887644 103 4 1 481 174776892912 16 820 1136822 0]], elapsed:[12.135655365s]
W190427 20:54:12.011887 121 workload/kv/kv.go:378  JENNDEBUG, keys:[[21418594379826 154 495215652 24 671 264816045 1 0 71 0 2697 0 254 60227537802 61 7950444 11 296439 3 8444 0 97 73688920 16 850399 5 25612 1 231 40951043787 52 6688611 2 6 58 7537914 207816 969 112 634978486 5 1623118 70943 2 167007 0 2389047 7 13 124330 11308 0 26424 235 3124297653 37]], elapsed:[11.822156691s]
W190427 20:54:12.483283 29 workload/kv/kv.go:378  JENNDEBUG, keys:[[9 77289 2 186634 813 11903902504392 96 542898509 25 746283]], elapsed:[1.717861728s]
W190427 20:54:12.549750 128 workload/kv/kv.go:378  JENNDEBUG, keys:[[638 872750558029 249857297 21 6 0 3553 0 101 27 5 10402 1 1 63119 2 384 13084396064 11 114211 2]], elapsed:[11.862014101s]
W190427 20:54:12.588295 133 workload/kv/kv.go:378  JENNDEBUG, keys:[[20623 0 8288 0 561 1953583359491511 129 169671625 22 1714322 6 28263 1 141483 0 12205 0 1603 0 187 623576076 43 7 7395 109 17 5 4072 0 4990 587228306093 79 19022302 18 388526 4 1409 16626479771645316 264 2779988498 36 2742650 1 686 6310269735057 141]], elapsed:[10.584635977s]
W190427 20:54:12.624201 117 workload/kv/kv.go:378  JENNDEBUG, keys:[[227556 3 12045 1 380 19302699751 48 7016093 14 201317 3 0 1911 3780339545]], elapsed:[3.415895596s]
W190427 20:54:12.688610 124 workload/kv/kv.go:378  JENNDEBUG, keys:[[1957 0 4309 0 767 4662214457475 87 281004192 22 615387 4 2323604 11 591 118 491116 1090 125 1482101080 36]], elapsed:[4.355347335s]
W190427 20:54:12.724338 32 workload/kv/kv.go:378  JENNDEBUG, keys:[[541 829299503424 68 84327352 19 316138 3 502 450331634247 16 0 201 30 23443493 172615 14585 0 856 87470006211331 173]], elapsed:[753.90563ms]
W190427 20:54:12.812421 131 workload/kv/kv.go:378  JENNDEBUG, keys:[[119093 4 10848 0 11612 254704006 2211102 33266 2 2068 0 1210 4120823778625647 143 2240380230 32 43 11 535 350059004698 68 135634863]], elapsed:[10.284549833s]
W190427 20:54:12.968040 27 workload/kv/kv.go:378  JENNDEBUG, keys:[[575004 4 14081 0 3830 0 466144 4 30900 1 1402 281 5290175879 12785821 104023 0 1097 981257684]], elapsed:[5.124127773s]
W190427 20:54:13.022665 123 workload/kv/kv.go:378  JENNDEBUG, keys:[[4 1482 0 185505784 22 496255 7 71010 6570 0 0 797 3947761494338 160 279897619 23 852810]], elapsed:[3.778637401s]
W190427 20:54:13.069299 131 workload/kv/kv.go:378  JENNDEBUG, keys:[[357442 5 1308 0 3673 0 348 17786329084 12 111973]], elapsed:[256.810138ms]
W190427 20:54:13.116718 128 workload/kv/kv.go:378  JENNDEBUG, keys:[[4779 0 9374 0 612 2408226347960 139 310362526 23 562330]], elapsed:[566.870151ms]
W190427 20:54:13.149509 118 workload/kv/kv.go:378  JENNDEBUG, keys:[[3094 0 26848 1 197 2773371 7 43973 1 1199856 21854 0 205 4494153 2 0 51348754 4 77 21866583 14 163146 4 0 478 74482331831 58 80460292 17 314461 3 137724 2 0 27325]], elapsed:[24.97577639s]
W190427 20:54:13.178704 124 workload/kv/kv.go:378  JENNDEBUG, keys:[[374 24929464791 54 13 2 0 20 795683 47597 1 2506 366 48137721065 83 40814079 210085 0]], elapsed:[490.017319ms]
W190427 20:54:13.208833 129 workload/kv/kv.go:378  JENNDEBUG, keys:[[4 11956 0 88139 3 290 161790564401 64 11939319 3 6600 0 12950 1 36512 2053 381 24766154845 46 27710772 143593 692 1 419 118547646418 60 47446801 17 301136 3 0 7957556 6104 975 59132960077519 182 692411805 26 1005098 1 7221]], elapsed:[23.861187981s]
W190427 20:54:13.244019 129 workload/kv/kv.go:378  JENNDEBUG, keys:[[0 630 610757909980 133 100246647 19 19177 54745 1269 3948755751692146]], elapsed:[35.120251ms]
W190427 20:54:13.250660 136 workload/kv/kv.go:378  JENNDEBUG, keys:[[429 40511940060 55 36065875 15 895 92 26 222 33]], elapsed:[3.275416189s]
W190427 20:54:13.292932 136 workload/kv/kv.go:378  JENNDEBUG, keys:[[6989 0 461 45962022 14 224158 3 16131 0 0]], elapsed:[42.195054ms]
W190427 20:54:13.563511 136 workload/kv/kv.go:378  JENNDEBUG, keys:[[0 166997 12829 0 776 8816025104117927936 171 675476672 28 9747 0 800 148627650 22 381319 6 26887 1478 0]], elapsed:[270.505418ms]
W190427 20:54:13.671595 126 workload/kv/kv.go:378  JENNDEBUG, keys:[[6 34152 1 28963 1 1579 0 2459 0 67536 1 2968 0 423 96093415086 101 57444435 18]], elapsed:[3.159790466s]
W190427 20:54:14.102705 122 workload/kv/kv.go:378  JENNDEBUG, keys:[[446 182285610510 58 16 5 3 0 2524 0 1165 1303754041602254 139 1254262 6 25280 1 2110310 6 3467 0 509 286828140053 75 17185441 19 435751 3 8090 0 16643 1 1059865 8 345 13802959 12 706 2074628506816 128]], elapsed:[13.610715416s]
W190427 20:54:14.315574 119 workload/kv/kv.go:378  JENNDEBUG, keys:[[12049 0 1557 1605088075204966400 305 6829569290 38 13548910 11 123195 2 2033 0 230647 3 14794 1033 167160362067057 1407639948 5069386 9 51251 1 2111059786 33]], elapsed:[3.236424671s]
W190427 20:54:14.359395 28 workload/kv/kv.go:378  JENNDEBUG, keys:[[2 3329273597 39 7 577 73 22 446006 4 5735 732 9498491799960 21 482431 4 31215 1 4 14988]], elapsed:[5.727156482s]
W190427 20:54:14.404827 25 workload/kv/kv.go:378  JENNDEBUG, keys:[[10301 0 57047736 205171 18883 0 1143 0 1270770530 41360 1 215 1693922348 8 51012 1 4168 0 315 304967203327 73 15194241 3 8803 0 661 1739308201336 76 145848485 21 909441291 3880076 55075 356 32402728979]], elapsed:[14.104110838s]
W190427 20:54:14.527474 31 workload/kv/kv.go:378  JENNDEBUG, keys:[[1112538 8 60852 1 419 43667912850 88 49900670 14 11371 0 306 6948002706 71]], elapsed:[4.937130646s]
W190427 20:54:14.743556 26 workload/kv/kv.go:378  JENNDEBUG, keys:[[2245 0 142 587421 26507 1 45 8 18924550758913800 1025214 5 149026 2 24119 1 365 27722547606 50 135232 2 2342 0 240 4180111505 8 41164 1 711 16159353452527 163 351798739 24 2259164 7 252 6719580013 64]], elapsed:[14.198586561s]
W190427 20:54:14.919862 131 workload/kv/kv.go:378  JENNDEBUG, keys:[[2 268 3468141661 36 2664609 10 8128134 10 203 7920441 10 59126 3 6165 0 51657]], elapsed:[1.850490428s]
W190427 20:54:15.001967 116 workload/kv/kv.go:378  JENNDEBUG, keys:[[1718 0 8207 0 610 3355377992064 20 4117323615 71717 497 11099113 269813 16570 1 207 1370863645 33 47271 1 4278124921842977 25 1442 252 4912553241 38 12402053 101787 3 10090 0 1765 0 9006 1 2810 0 266 83593678187 55 8896226 7257 32116932301657 46223802 976933 19337 1 351 55 2 0 34692 1 202 46 8 0 18893 0 187 388735807]], elapsed:[18.340866505s]
W190427 20:54:15.284107 115 workload/kv/kv.go:378  JENNDEBUG, keys:[[57431 1 1608369572 5536961 9 63840 336 22763892473 50 28049992 15 95134 2 314 119275]], elapsed:[5.396992247s]
W190427 20:54:15.319533 30 workload/kv/kv.go:378  JENNDEBUG, keys:[[23516 1 3777387 128239 2 411 14494230477634 92 32721197 24 586547 4 7063 0 204990 3 19946351454956 27 1 446211041 27 753 121966048 20 61778 1 2584377 40869 2]], elapsed:[10.67859183s]
W190427 20:54:15.347621 28 workload/kv/kv.go:378  JENNDEBUG, keys:[[944 0 448 144124912221 99 54650799 16 701717 5 4502 0 380 2131602704116 87 29172978 15 1786757 25553 0]], elapsed:[988.148619ms]
W190427 20:54:15.374718 129 workload/kv/kv.go:378  JENNDEBUG, keys:[[68882 2 7 16358398 11 2 241 38 10 3 7415 541 1144654282097144]], elapsed:[2.130294634s]
W190427 20:54:15.609948 32 workload/kv/kv.go:378  JENNDEBUG, keys:[[1921 0 294 12476456681 42 20300727 13 11110 0 2536 499 109571639471 65 47725332 16 263295 5 16 7 99448 0 26309 1 2406 0 63557 3 6026 0 89 29666813 15 197142]], elapsed:[2.88551572s]
W190427 20:54:15.657287 125 workload/kv/kv.go:378  JENNDEBUG, keys:[[1 1019 323940265 26 666423 36673 1893 0 43503 1 14699 0 35902 2 14856335766511 90536779 1121675 15999 1 38564 2 10 6663 281838491027090 28 910061 2155 0 372209 1 1 276 4814389247 65 10241822 11 101663 0 236 1853375700 9 248528 0 15865 0 1660 0 174 844022957]], elapsed:[18.278402907s]
W190427 20:54:15.731848 25 workload/kv/kv.go:378  JENNDEBUG, keys:[[26883393 140758 4 13708 0 180011 10786 1579 776698463076772480 178]], elapsed:[1.326942893s]
W190427 20:54:16.152312 136 workload/kv/kv.go:378  JENNDEBUG, keys:[[557 300986219459 104 96988230 17 344607 6 21216 1 499]], elapsed:[2.588734503s]
W190427 20:54:16.453098 29 workload/kv/kv.go:378  JENNDEBUG, keys:[[7 35484 1 2200939 7 29875 1 245 2249954858 36 126354593 18755 0 2912 0 14635066 12 504 149932408014 118 250 2542557627 9 300 74 12 3 121 176683424 18]], elapsed:[3.969723937s]
W190427 20:54:16.471094 28 workload/kv/kv.go:378  JENNDEBUG, keys:[[110 117314407 5 424 65823489 769085 14833 2563391566457136128 172 509587803]], elapsed:[1.123403935s]
W190427 20:54:16.513052 128 workload/kv/kv.go:378  JENNDEBUG, keys:[[6 5 773 57051422936472712 150 418071589 35 2476793 7 31737]], elapsed:[3.396261225s]
W190427 20:54:16.549120 122 workload/kv/kv.go:378  JENNDEBUG, keys:[[195594688 21 896 109316923680703472 158 463562811 6 4159 10316620 10]], elapsed:[2.446344118s]
W190427 20:54:16.612549 129 workload/kv/kv.go:378  JENNDEBUG, keys:[[1200 0 5937 0 6121913385610 95 16 5 0 358 3 8552 626 1950181607814324 133 34 1969226 31165 0 88060554280519]], elapsed:[1.237754749s]
W190427 20:54:16.612741 131 workload/kv/kv.go:378  JENNDEBUG, keys:[[5507 0 4522295 9 58766 0 350 12134457031 75 32474981 4 6941 1012 116 5 213 1303804251 55 5950417 9]], elapsed:[1.692784992s]
W190427 20:54:16.656491 129 workload/kv/kv.go:378  JENNDEBUG, keys:[[5349 88 45198604 16 523965 0 184 1085559919 43 3452227]], elapsed:[43.871866ms]
W190427 20:54:17.099910 130 workload/kv/kv.go:378  JENNDEBUG, keys:[[2735 0 2304 0 371 53763875523 50 113113 2 0 271846573327 68031099 3 1148 276406368888344 191 1084688781 31 1259999 9 59451 1 1021397 22162 1 2176 0 1666155 24330 1]], elapsed:[9.045807133s]
W190427 20:54:17.468631 136 workload/kv/kv.go:378  JENNDEBUG, keys:[[56031919327283 109 60267954 18 377 91 4 13952 1933 0]], elapsed:[1.316241864s]
W190427 20:54:17.510470 122 workload/kv/kv.go:378  JENNDEBUG, keys:[[221 2754536228 54 8991706 11 75620 3 4 2263155377805 28477436]], elapsed:[961.283593ms]
W190427 20:54:17.559395 123 workload/kv/kv.go:378  JENNDEBUG, keys:[[44000 1 3136 0 358 17469001085 77 19678111 12 461078 4 1349 130 146 217794825]], elapsed:[4.536658734s]
W190427 20:54:17.829918 27 workload/kv/kv.go:378  JENNDEBUG, keys:[[28 8 4631 0 37968 1 133632869311 12909768 6233 0 17127 0 209 27574915976]], elapsed:[4.861782114s]
W190427 20:54:17.893465 133 workload/kv/kv.go:378  JENNDEBUG, keys:[[37233 1 2 49 14 115 21 143396045 17481 0 264 65 2 5054 0 1749 4920392312010994688 181 8649509493 44 4375796 8 3398]], elapsed:[5.305089298s]
W190427 20:54:18.104082 122 workload/kv/kv.go:378  JENNDEBUG, keys:[[9905 0 3183 0 315 289720576896 68 13974030 17 283982]], elapsed:[593.5486ms]
W190427 20:54:18.146668 32 workload/kv/kv.go:378  JENNDEBUG, keys:[[4 14595194029 17742305 351506 0 102748 0 132508793 6 0 3567 0 276 329840580019 65 19178518 12 339180 4 3255 0 9230 1273579819038827 126 120695290 31 1309685]], elapsed:[2.536646645s]
W190427 20:54:18.190700 131 workload/kv/kv.go:378  JENNDEBUG, keys:[[0 38470855 742661 4 66 12009091 11 110555 3 8332 0 2656 0 3]], elapsed:[1.577887949s]
W190427 20:54:18.234492 118 workload/kv/kv.go:378  JENNDEBUG, keys:[[1 288 89296988461 59 11293136 10 6341 0 35 1339225 2420 0 18716 2287 0 46 4836275 8 55716]], elapsed:[5.084642156s]
W190427 20:54:18.605272 29 workload/kv/kv.go:378  JENNDEBUG, keys:[[28 3333337 8 42965 2 3995 0 6387 81 14 4 420 116826910788 59 8186158 6707 0 3489]], elapsed:[2.15209058s]
W190427 20:54:18.674045 128 workload/kv/kv.go:378  JENNDEBUG, keys:[[2 454 107 19 0 230 31795281632 56 8749891 10]], elapsed:[2.160876605s]
W190427 20:54:18.706503 119 workload/kv/kv.go:378  JENNDEBUG, keys:[[527 43221811 15 641 2565103499229475 145 182418807 21 232 1028907762 49 5770582 45250 2 6075 0 895 158977958854657]], elapsed:[4.390815433s]
W190427 20:54:18.754800 123 workload/kv/kv.go:378  JENNDEBUG, keys:[[34335 2 1982 199 38390834098 48 5195243 14 142865 2]], elapsed:[1.195333387s]
W190427 20:54:18.793812 29 workload/kv/kv.go:378  JENNDEBUG, keys:[[9097 0 0 5691 2780338557489 91 31700887 14 11913 1726]], elapsed:[188.466568ms]
W190427 20:54:18.845386 120 workload/kv/kv.go:378  JENNDEBUG, keys:[[9 59086 2 5328 0 1919 0 1644 6464498772 41 83784 2 401 88904189577 58 42751791 15 1086 192 690965606 29 5913458 8 3935 0 1 528414 3 89572938250472752 599941791 2965194 97015 2 1763956501712 17157434]], elapsed:[17.982873266s]
W190427 20:54:19.494086 115 workload/kv/kv.go:378  JENNDEBUG, keys:[[7976 0 214 4939269 9 56916 1 56079 1 2595 0 5 5355 0 752]], elapsed:[4.209907369s]
W190427 20:54:19.540245 118 workload/kv/kv.go:378  JENNDEBUG, keys:[[2 0 2240 0 1639 37 2857122 4165 661 765980133397 81 396033]], elapsed:[1.305410611s]
W190427 20:54:19.569164 115 workload/kv/kv.go:378  JENNDEBUG, keys:[[18061130950261 84 255376482 24 591841 5 596748450095355776 4333844604 106793 0]], elapsed:[74.951697ms]
W190427 20:54:19.663998 29 workload/kv/kv.go:378  JENNDEBUG, keys:[[191 6072298125 44 3469545 2 7301 9275076729 1141 818213036106561 130]], elapsed:[870.114535ms]
W190427 20:54:19.798582 136 workload/kv/kv.go:378  JENNDEBUG, keys:[[4770 0 1399 3475929453986922496 161 1733121 7 25683 2 721 1900327544884 82 356470 3 0 2119 347 20238186008 45]], elapsed:[2.329869707s]
W190427 20:54:19.816181 31 workload/kv/kv.go:378  JENNDEBUG, keys:[[15037496 12 148203 3 5969 0 6218308 9 13 0 433599103 6 33075 1 159 7 2 13 5548 2332524415227]], elapsed:[5.288619888s]
W190427 20:54:19.844141 133 workload/kv/kv.go:378  JENNDEBUG, keys:[[0 9653317 2 7177 955 291010124173488 23 597811 4 0 14595 1543 5617660993436815360 282 46 3588 0 580 433379407166]], elapsed:[1.950601718s]
W190427 20:54:19.882673 116 workload/kv/kv.go:378  JENNDEBUG, keys:[[25 3525645 7 51104 1 11736 0 3044 0 10630 1454301 6 73 22189 1534 70493637325503920 34 1915059 6 70521]], elapsed:[4.880622763s]
W190427 20:54:19.889296 26 workload/kv/kv.go:378  JENNDEBUG, keys:[[82796838 18 1066781 5 18150 1 1972 0 2555 0 226 8 450 11512531471636 93 23 16102 0 307 1021240754988 80 23005207 14 11477 1 25115484 415974 1 2812 0 513 198435986140 70]], elapsed:[5.145643859s]
W190427 20:54:19.930623 121 workload/kv/kv.go:378  JENNDEBUG, keys:[[2836 0 1045 557750390 30 1041061 5 58546 1 20128 1 4276847493 9525009 74721 0 3616 0 633 79 4 253 2154428963 57 7785618 9 184899 3 1 8748 1328 217747606028791296 154 269946224 36 2038713 6 1089 123194032583183]], elapsed:[7.91863797s]
W190427 20:54:19.950691 125 workload/kv/kv.go:378  JENNDEBUG, keys:[[49 18424 1 113 888822962 28 963303 5 54503 1]], elapsed:[4.293334394s]
W190427 20:54:20.013066 134 workload/kv/kv.go:378  JENNDEBUG, keys:[[32 21500 1 35 93029 2 3737 0 524630 4 20557 1 1 735 5595281781849 89 381283895 24 539217 1]], elapsed:[11.28214386s]
W190427 20:54:20.101797 123 workload/kv/kv.go:378  JENNDEBUG, keys:[[555304 4 1213272461282 286697 9334 1397 5823096191827072 138 2398731966 33]], elapsed:[1.346930546s]
W190427 20:54:20.162511 32 workload/kv/kv.go:378  JENNDEBUG, keys:[[5 23767 1 1940672 81564 2 20 4 989 161466101052173 207 1003509088 33]], elapsed:[2.015764658s]
W190427 20:54:20.924398 32 workload/kv/kv.go:378  JENNDEBUG, keys:[[1693712 1 1250 1160904794 32 1314835 6 78687 1 3310]], elapsed:[761.817386ms]
W190427 20:54:20.968890 128 workload/kv/kv.go:378  JENNDEBUG, keys:[[239667 3 929 134450161732866 24 777954 4 32973 1 179699631444]], elapsed:[2.294760381s]
W190427 20:54:21.007412 120 workload/kv/kv.go:378  JENNDEBUG, keys:[[12417 1 1624 26861389304366492 31 521 147914014255 67 16515515 18 368829 3 30929418973568 111 1285323]], elapsed:[2.161950829s]
W190427 20:54:21.071863 119 workload/kv/kv.go:378  JENNDEBUG, keys:[[118 778321 5 48 3167992 8 132756 2 3421 83066037319 60 13022077 10 269069 3 5444 825 43339863181341]], elapsed:[2.36528223s]
W190427 20:54:21.125624 30 workload/kv/kv.go:378  JENNDEBUG, keys:[[6 176699 2 9342 150266219833255 120 98675804 19 6 1348 279861055900289120 165 5370021314 41 3331409 10 4673 1686187351915 22]], elapsed:[5.805719426s]
W190427 20:54:21.154352 127 workload/kv/kv.go:378  JENNDEBUG, keys:[[21067806776 48 225 1603099 10 1 1121 0 11682 0 37 2758488 7 1089 6727291685423752 132 212517811 6 49 28 50528 10459253062 3664790 129220 4764 0 1593917 10]], elapsed:[10.032056724s]
W190427 20:54:22.211802 33 workload/kv/kv.go:378  JENNDEBUG, keys:[[2176714094385188 1084321 53135 1 2 333 11088060182 44 24717891 12 134429 4 9104 0 10386 0 141583720 426639 6 59 260717 7520 1 441585 4 24063 1 1253 830322555139926 238 3207949254 35 2189776 10 68624]], elapsed:[12.279173306s]
W190427 20:54:22.616502 136 workload/kv/kv.go:378  JENNDEBUG, keys:[[84 23020592 22 627133 4 3676 108549191141 10028797 15 3 1753 0 323027 3 2256 55135691871 34931452 14 3 984]], elapsed:[2.81783978s]
W190427 20:54:22.747161 120 workload/kv/kv.go:378  JENNDEBUG, keys:[[47304 1 405 59702219170 62 8806957 17 238089 3 1862]], elapsed:[1.739673656s]
W190427 20:54:22.792056 117 workload/kv/kv.go:378  JENNDEBUG, keys:[[383651378935 184746274 20 1 0 97 487562261 26 716261 7 43859 1 29967 1 1599]], elapsed:[10.16777411s]
W190427 20:54:22.944992 125 workload/kv/kv.go:378  JENNDEBUG, keys:[[872 27009806485831 98 385961156 1018287 5 2011 42 8 2]], elapsed:[2.99422301s]
W190427 20:54:22.986643 115 workload/kv/kv.go:378  JENNDEBUG, keys:[[10519 0 1205 8755806778082036 133 2647837131 38 7 227 77425947101 58 9079 1 295 10301017457 42 23505 2170216600]], elapsed:[3.417402992s]
W190427 20:54:23.200064 114 workload/kv/kv.go:378  JENNDEBUG, keys:[[3146 0 25320 1 975 1134943474 29 5 2404 385 33787333042 13 152520 2 796]], elapsed:[12.406131589s]
W190427 20:54:23.237402 119 workload/kv/kv.go:378  JENNDEBUG, keys:[[2316 14025028053 44 3536146 12 110558 2 306 5738181019 43]], elapsed:[2.165456607s]
W190427 20:54:23.331698 116 workload/kv/kv.go:378  JENNDEBUG, keys:[[61823426 18 2280 454 75071937403 60 0 1394 262 6476364480]], elapsed:[3.448949751s]
W190427 20:54:23.385883 133 workload/kv/kv.go:378  JENNDEBUG, keys:[[1 300 7751709941 40 74616 2 608 604214973401 72 114919608 18 86028 432 69063196680 54 38952224]], elapsed:[3.541668086s]
W190427 20:54:23.423491 130 workload/kv/kv.go:378  JENNDEBUG, keys:[[2565 0 6787 0 1080 206215394401333 114 802896 4 195348 2 1 3131 0 5431 0 891 31961015650083 111 80819329 27 905259 40762 1 3713 0 363 18588151929 50 0 228412 18406 0 1018 0 187]], elapsed:[6.323478843s]
W190427 20:54:23.475663 27 workload/kv/kv.go:378  JENNDEBUG, keys:[[4541447 9 1590 156 41 7 4273 0 321596903580849 121 2398 0 4018 0 324 70 20 375973 4 2515 367 38423347128 50 6558499 16 194406 3 1036 1344447332473051 205 418 53 165544 14151 0 12154 0 824 286883580 25]], elapsed:[5.645647951s]
W190427 20:54:23.525655 117 workload/kv/kv.go:378  JENNDEBUG, keys:[[0 328 19217785539 46 16408330 13 120969 0 666 1285191267198]], elapsed:[733.527927ms]
W190427 20:54:23.576902 29 workload/kv/kv.go:378  JENNDEBUG, keys:[[2144670353 30 1485863 1 5792228 12 156066 2 30631 1 508 278030593633 97 71886794 16 251671 0 3642]], elapsed:[3.912813616s]
W190427 20:54:23.622720 26 workload/kv/kv.go:378  JENNDEBUG, keys:[[309319 3 771 148 263427218 697137 1 1301078966 31 41086 1 19 25011 208 1415114861 29 1435871]], elapsed:[3.733354199s]
W190427 20:54:24.958721 120 workload/kv/kv.go:378  JENNDEBUG, keys:[[627 1563277190098 74 192296557 21 501884 4 129256 12860723114632 172]], elapsed:[2.211492924s]
W190427 20:54:24.999923 130 workload/kv/kv.go:378  JENNDEBUG, keys:[[369 19824076028 54 42371928 14 212139 4 291 7907986241 42]], elapsed:[1.576347914s]
W190427 20:54:25.489865 129 workload/kv/kv.go:378  JENNDEBUG, keys:[[8 132050294451854 94434229 824056 5 19365 1 170 474290264 42 2657902 7 47110 2 2100 0 4488 0 706 9858154483536 98 44917470 26 0 58 8943892 11 241467 3 1 460 61 76098398 18 1213511707 30 45239 1 2 9]], elapsed:[8.833279625s]
W190427 20:54:25.527819 32 workload/kv/kv.go:378  JENNDEBUG, keys:[[0 858 53771727708804 173 712189500 30 213 41512 2040 0]], elapsed:[4.603354084s]
W190427 20:54:25.560805 128 workload/kv/kv.go:378  JENNDEBUG, keys:[[301004 0 363 83 14 4 0 22 519678 33673]], elapsed:[4.591839316s]
W190427 20:54:25.640904 117 workload/kv/kv.go:378  JENNDEBUG, keys:[[82 243420760 20 489793 6 1 562 133214580 550456 31054]], elapsed:[2.115178971s]
W190427 20:54:25.683857 117 workload/kv/kv.go:378  JENNDEBUG, keys:[[2730 0 276 6048854189 10 78017 1 6898 536 590119847012]], elapsed:[42.887289ms]
W190427 20:54:25.730114 28 workload/kv/kv.go:378  JENNDEBUG, keys:[[5615605992927 25016996 10096 0 1562 457839960089103488 164 1573089 6 85 3 16834 0 50453 1 19508 220 1153543781 33 5358637 8 58358 1]], elapsed:[9.258922181s]
W190427 20:54:25.775581 120 workload/kv/kv.go:378  JENNDEBUG, keys:[[3050100 7 35887 1 454 129267404790 101 51206680 17 13957]], elapsed:[816.771052ms]
W190427 20:54:25.818906 134 workload/kv/kv.go:378  JENNDEBUG, keys:[[104308 2 1333 32 1504995 9 59800 1 1056393 8 58523 1 2 687 10094539788369884 135 180164704 23 24185 1 21950620 163726 2]], elapsed:[5.805735031s]
W190427 20:54:26.146589 127 workload/kv/kv.go:378  JENNDEBUG, keys:[[4386 0 1215 2383886887683549 251 1474896555 34 7702483 9 2 326601 0 3234067 7 265 41 12 0 44430568658348904 142]], elapsed:[4.992142771s]
W190427 20:54:26.218123 123 workload/kv/kv.go:378  JENNDEBUG, keys:[[80067 2 945 70723352887600 117 559919087 29 0 5855 0 14968942806080 153 462717679 25 813714 8 646 2888557567812 155 252836344 24 409 79279368509 13 0 7610]], elapsed:[6.116245822s]
W190427 20:54:26.395352 133 workload/kv/kv.go:378  JENNDEBUG, keys:[[3 89872 7049 0 1220 0 204 1831597044 50 5818470]], elapsed:[3.009392768s]
W190427 20:54:26.499092 25 workload/kv/kv.go:378  JENNDEBUG, keys:[[31012 1 935 269760088083963 109 111734295 32 1173110 6 441 159570886601 58 14499 0 559 1053475486624 18 631594 5 35185 1 7 131044 0 4130 0 333 26769959749 82 30196386 15 168978]], elapsed:[10.767143946s]
W190427 20:54:26.682213 116 workload/kv/kv.go:378  JENNDEBUG, keys:[[641 1797519706575 17 312194 3 18671 1 1483 46949705662339632 259 3543800751 35 12683896 11 585 61077560 18 1574116831 1 3223]], elapsed:[3.350439217s]
W190427 20:54:26.729606 128 workload/kv/kv.go:378  JENNDEBUG, keys:[[1 10669019748 18579743 7989 598 1943746778564 127 162090201 20 1256416]], elapsed:[1.168691995s]
W190427 20:54:26.805318 132 workload/kv/kv.go:378  JENNDEBUG, keys:[[85 49861784 24 643662 4 3735 0 116674 2 4246311 2 841 15343086187031 21 35478 1 1576023543593 34016143 578993 13561 0 833503 4 1260 1584351996 31 1534424 6 5807 0 637 1 3498 0 542 344678468125 109 357459 1 252 7798270 9 65669 2 6797]], elapsed:[18.425196838s]
W190427 20:54:27.044542 122 workload/kv/kv.go:378  JENNDEBUG, keys:[[3 1673713 27852 2 2145 0 5686483 15 199347 17447 15470 1 620 3531707564040 80 27624240 21 444389 4 1803 0 0 309 10978913720 46 19489869 14 162374 2 16 81334890 6 0 687805 29164 1 13591 0 864]], elapsed:[8.940372822s]
W190427 20:54:27.091551 121 workload/kv/kv.go:378  JENNDEBUG, keys:[[2787 0 431 86248103763 54 171387 2 424 100037492039 57 59357271 16 135299 10866 0 761 1018629159574472704]], elapsed:[7.160844617s]
W190427 20:54:27.379711 133 workload/kv/kv.go:378  JENNDEBUG, keys:[[10 69300 0 16087 0 2185 0 231 2375484411 52]], elapsed:[984.289666ms]
W190427 20:54:27.419625 25 workload/kv/kv.go:378  JENNDEBUG, keys:[[4 12872 0 384 50473191816 98 41598432 15 668875 4]], elapsed:[920.439203ms]
W190427 20:54:27.533348 125 workload/kv/kv.go:378  JENNDEBUG, keys:[[513 388018186393 75 108990557 20 368401 5 1 83728361203706864 38 214 1975672436 35 341 79 12 0 4452]], elapsed:[4.588272913s]
W190427 20:54:27.574954 132 workload/kv/kv.go:378  JENNDEBUG, keys:[[0 379 37528657670 75 27170269 13 440817 4 11921 0]], elapsed:[769.564745ms]
W190427 20:54:28.856000 127 workload/kv/kv.go:378  JENNDEBUG, keys:[[20666 1 571 45467951276578 114 91848329 18 1333301 6 189 30 5165483 64479 5527 0 291 278531433622 72 16868883]], elapsed:[2.709333257s]
W190427 20:54:28.883758 129 workload/kv/kv.go:378  JENNDEBUG, keys:[[1084 0 15 15392 0 1775 0 195 907627870 8 44545 1 772296778 9 1 417 25454224993287 99 61104836 17 1474677490571475968 187 874352642 27 4421393 8 41217 2 4297 0]], elapsed:[3.39377462s]
W190427 20:54:28.935205 26 workload/kv/kv.go:378  JENNDEBUG, keys:[[9 61582 5237 462 81660715851 109 195421 5 582785720755 129 22 6 156 39 7 0]], elapsed:[5.312392294s]
W190427 20:54:29.106061 114 workload/kv/kv.go:378  JENNDEBUG, keys:[[42575 1 118809 2 353194 3 449 35183862180 94 44160153 242753 5 200 1382362428]], elapsed:[5.905918426s]
W190427 20:54:29.200405 121 workload/kv/kv.go:378  JENNDEBUG, keys:[[9176 0 287 0 83178795 27 1079923 5 4630 0]], elapsed:[2.108782436s]
W190427 20:54:29.243450 29 workload/kv/kv.go:378  JENNDEBUG, keys:[[0 1 25270 1 1317 0 11796 1443 62688610594167488 144 413365624 41]], elapsed:[5.666454297s]
W190427 20:54:29.401701 25 workload/kv/kv.go:378  JENNDEBUG, keys:[[15092 0 7814 0 1198 4052968463009378 143 185151016 5 21974]], elapsed:[1.982006984s]
W190427 20:54:29.494874 125 workload/kv/kv.go:378  JENNDEBUG, keys:[[0 2610 0 247 3989093633 62 7074192 10 202465 3 8079 58608654 827522 2154 213 23555139340]], elapsed:[1.961455245s]
W190427 20:54:29.527516 135 workload/kv/kv.go:378  JENNDEBUG, keys:[[9538 0 24063 1 1512 0 42240 1 247801115 2084614 40674 303 10163271918 62 14687625 11 95505 3 5347]], elapsed:[30.84584529s]
W190427 20:54:29.607296 116 workload/kv/kv.go:378  JENNDEBUG, keys:[[0 1902 0 192 2355711 7 34606 1 16567822 11 404 82 29979839 638632 4 1857]], elapsed:[2.925003249s]
W190427 20:54:29.768222 127 workload/kv/kv.go:378  JENNDEBUG, keys:[[12 8648 0 3621 346 855811071029 78 29315160 13 462610]], elapsed:[912.149953ms]
W190427 20:54:29.823463 26 workload/kv/kv.go:378  JENNDEBUG, keys:[[2892 0 31303 2 3434 0 306 781800349553 75 13396031]], elapsed:[888.177274ms]
W190427 20:54:29.857297 118 workload/kv/kv.go:378  JENNDEBUG, keys:[[3 0 0 0 988 110471832143800 183 26 8 1 6 81864 6016 479 99057315742643 117 20724 0 6953 0]], elapsed:[10.315547722s]
W190427 20:54:30.159560 136 workload/kv/kv.go:378  JENNDEBUG, keys:[[225943122 24 652329 4 40877 1 2 10676 0 576 73927670 17 255250 5 850 0 850 78205262241067 106 61000130 29 1036257 5 23024 0]], elapsed:[7.542969591s]
W190427 20:54:30.496944 127 workload/kv/kv.go:378  JENNDEBUG, keys:[[4 10560 8544308808736972 138 223078629 23 1956093 6 72 22805688]], elapsed:[728.315679ms]
W190427 20:54:30.780082 32 workload/kv/kv.go:378  JENNDEBUG, keys:[[28502197904 25168680 178779 14720 877 275561049 7 403 12 9436 676 294991627 22 9 6861 0 6495 7565479880972 100]], elapsed:[5.252176782s]
W190427 20:54:30.845152 131 workload/kv/kv.go:378  JENNDEBUG, keys:[[522 15814646257986 99 70367720 26 932025 5 94809 2 6 5010536 161442 2 0 3505 0 4847 0 805 11630336008367 95 59837239 4 12252 0 4578 413 86 23 4 1 36321 0]], elapsed:[12.654365896s]
W190427 20:54:30.888397 25 workload/kv/kv.go:378  JENNDEBUG, keys:[[1 10 222 30416957602 54 5924012 2 3917 341 495670960901 77 17743233 20 522107 4 3676 346427129042]], elapsed:[1.486610749s]
W190427 20:54:31.006852 134 workload/kv/kv.go:378  JENNDEBUG, keys:[[11155 0 233 2113936467 60 9053503 10 94375 3 5621998024446 15 16362 1 6119 981 143274024676667 105]], elapsed:[5.187866817s]
W190427 20:54:31.285362 125 workload/kv/kv.go:378  JENNDEBUG, keys:[[48 6250500 9 110342 4260 284030486721 65 17100418 12 441094]], elapsed:[1.790421791s]
W190427 20:54:31.399064 128 workload/kv/kv.go:378  JENNDEBUG, keys:[[6 463234089944973 120436539 6 70090 3 0 120 31 1556016 60913 1 0 798218139 8 2]], elapsed:[4.669383738s]
W190427 20:54:31.435564 128 workload/kv/kv.go:378  JENNDEBUG, keys:[[8231 4971 1139 853355 1281683 18826 1 2282 246 59860993264]], elapsed:[36.420639ms]
W190427 20:54:31.635951 30 workload/kv/kv.go:378  JENNDEBUG, keys:[[115533 2 139771 9079 0 24908 1 2177 0 1934 0 321 11452425212 70 24206103 13 1 28935 1 3204 0 22 0 10279233397557 45712618 529159 12934 1998 0 4445 0 697 1621827440358]], elapsed:[10.510227868s]
W190427 20:54:31.978986 120 workload/kv/kv.go:378  JENNDEBUG, keys:[[682184424 3302187 48106 5305 0 720 1638 136 207939495 5 5999 0 2827 53 5657568 9 1271 3952434568372570 147 3422955407 37 2615342 7 560 1513168772488 81 21215924]], elapsed:[6.203320722s]
W190427 20:54:32.243960 30 workload/kv/kv.go:378  JENNDEBUG, keys:[[79 34512686 23 704847 4 3133 0 554 300331767242 62]], elapsed:[607.897823ms]
W190427 20:54:32.281186 29 workload/kv/kv.go:378  JENNDEBUG, keys:[[2390625 7 2754 0 277 4205844864 70 120898 3 1753 207 47 4415424 146797 5212 0 0]], elapsed:[3.037657029s]
W190427 20:54:32.555019 118 workload/kv/kv.go:378  JENNDEBUG, keys:[[624 132 30 154 7647967747 41 2687858 2 0 4191641]], elapsed:[2.697639428s]
W190427 20:54:32.605348 119 workload/kv/kv.go:378  JENNDEBUG, keys:[[4207597 12 7392026 71494 0 35821 1 177 3160644 8 37577 1 0 0 987 127775498618665 113959584 6 0 1562 109338340593908400 163 8502894991 41 2879092 12]], elapsed:[9.367872919s]
W190427 20:54:32.611770 120 workload/kv/kv.go:378  JENNDEBUG, keys:[[22 1205 1031954921093845 132 709 15409539120577 99 467119 4 94835]], elapsed:[632.693677ms]
W190427 20:54:32.808081 123 workload/kv/kv.go:378  JENNDEBUG, keys:[[0 7418 0 96 69055655 17 257949 5 172 430232382 40 3563713 8 51313 2 0 1 1376128 24652 2 0 2778 0 243 65749575009 54 10234760 52958090 16 939955 5 17199 1 1156708 5 1866 0]], elapsed:[6.589875849s]
W190427 20:54:33.090450 25 workload/kv/kv.go:378  JENNDEBUG, keys:[[2520 0 7 378238 4 7384 1058 729587155917418 126 799741076 67337 1 809 10196333934099 90 27 35892 1 1994 356]], elapsed:[2.20197321s]
W190427 20:54:33.377566 123 workload/kv/kv.go:378  JENNDEBUG, keys:[[1121 320996026197768 26 61001779 751697 5 424758 1186 130 31]], elapsed:[569.421643ms]
W190427 20:54:33.391763 28 workload/kv/kv.go:378  JENNDEBUG, keys:[[5629 0 22284 1 56 5996154 10 158713 2 11068787 12 242175 3 337 22384598158 50 5196360 2 10670 1 3977 0 4]], elapsed:[7.661573618s]
W190427 20:54:33.441366 117 workload/kv/kv.go:378  JENNDEBUG, keys:[[116 127927703 19 1019363 5 9284202 3 0 9 251 241961275834 67 1645 1580735424665797376 38 2420064 40470 2 109]], elapsed:[7.757428536s]
W190427 20:54:33.446301 136 workload/kv/kv.go:378  JENNDEBUG, keys:[[197 917997279 45 5532530 54025 2 229074 3 10288 1 223418 3 1332 89772230183963088 155 36 1 167562121993454 1414203866 31 9 1]], elapsed:[3.286643928s]
W190427 20:54:33.497374 132 workload/kv/kv.go:378  JENNDEBUG, keys:[[140 181664704 2028812 6 7411971129178818560 170 4553 0 944 1240029 51219 2605 25347945936 50 6776845 9 932 108 873848]], elapsed:[5.922338115s]
W190427 20:54:33.506194 125 workload/kv/kv.go:378  JENNDEBUG, keys:[[4 251070443 34 2149295 6 64454 2 33363476860277 1925 179 19079491847 44 3360219 13 121046]], elapsed:[2.220768261s]
W190427 20:54:33.538477 123 workload/kv/kv.go:378  JENNDEBUG, keys:[[2757 0 5402 0 4 11648 1650 26904731505844852 38 11]], elapsed:[160.838779ms]
W190427 20:54:33.799230 25 workload/kv/kv.go:378  JENNDEBUG, keys:[[31558728482 49 114363 2 1197 468884364027112 29 809873 5 47891]], elapsed:[708.704667ms]
W190427 20:54:33.847548 32 workload/kv/kv.go:378  JENNDEBUG, keys:[[1928 0 40082734 4 31 1077183 5 0 4089 0 594 709657432573 70 140955113 20 1357963886 1281481066 1937052 6 80043 2 848 8540913260097 94 378558295]], elapsed:[3.067386804s]
W190427 20:54:34.025101 27 workload/kv/kv.go:378  JENNDEBUG, keys:[[1796 0 146 344136903 22 201384780 1596431 30505 2 8 2894 0 178006 3 6013 873 16922640392352 96 661818078 27 182 9198461303 48 8081 1 614296545 25 1 2 2712671]], elapsed:[10.549350908s]
W190427 20:54:34.072771 136 workload/kv/kv.go:378  JENNDEBUG, keys:[[5281 0 1489 3532105187 36 7 90501 2 584 74]], elapsed:[626.396941ms]
W190427 20:54:34.075059 132 workload/kv/kv.go:378  JENNDEBUG, keys:[[757 5471434247856 20 454650 1 604608762350 171051326 20 408084 1]], elapsed:[577.61082ms]
W190427 20:54:34.399709 114 workload/kv/kv.go:378  JENNDEBUG, keys:[[30 3974593 9 2 1734 0 7655024 15 249513 3 1701 1688611670032289024 288 11323379625 44 4771450]], elapsed:[5.293577008s]
W190427 20:54:34.557189 26 workload/kv/kv.go:378  JENNDEBUG, keys:[[3 8 162274 2 613 2368675749299 82 179625772 24 527147 4 29981 1 1357]], elapsed:[4.733653191s]
W190427 20:54:34.601193 132 workload/kv/kv.go:378  JENNDEBUG, keys:[[138 35 9 1 98507 514 566259630888 67 18590811 18]], elapsed:[526.040648ms]
W190427 20:54:34.640909 30 workload/kv/kv.go:378  JENNDEBUG, keys:[[234770 3 1 1045 138878740263396 179 984769498 27 1191085 9 23272 1343 6312153510025486]], elapsed:[2.396868957s]
W190427 20:54:34.834773 123 workload/kv/kv.go:378  JENNDEBUG, keys:[[1159 9491029597151324 241 4317059142 38 2537 0 46517 2222 0]], elapsed:[1.296222592s]
W190427 20:54:34.887469 119 workload/kv/kv.go:378  JENNDEBUG, keys:[[2 465 108204118425 61 12514355 17 3 2246 0 196660 0 742 3365421780548 96 354353856 24 818144]], elapsed:[2.282048876s]
W190427 20:54:35.148642 116 workload/kv/kv.go:378  JENNDEBUG, keys:[[0 12 337288 3 184 2504907 7 6980 34281469753220 104 663856 18638 2245 0 2231335796 1792610 3102 0 1051854 1 2693 0 3519 0 619 311741825249 119 96144192 19 446661 1116]], elapsed:[5.54124671s]
W190427 20:54:35.422768 127 workload/kv/kv.go:378  JENNDEBUG, keys:[[9447 0 2954 273 5554757885 64 9539256 10 331001 3 67 7533 0 14008 1 2 10777 1 395 54 15 515975 3 26816 1 17397 0 332]], elapsed:[4.92573685s]
W190427 20:54:35.464428 125 workload/kv/kv.go:378  JENNDEBUG, keys:[[279 3637942515 3321461 119726 365428374578 12805940 356479 3 12345 829]], elapsed:[1.95817076s]
W190427 20:54:36.818890 136 workload/kv/kv.go:378  JENNDEBUG, keys:[[1057 16 1616021630 1315816 69278 2973 0 494 416077512799 15 996 584477786 27 911068 5 1452 255 4529874584 39 11803666]], elapsed:[2.746025081s]
W190427 20:54:36.929648 120 workload/kv/kv.go:378  JENNDEBUG, keys:[[4147 395658640549 73 16656544 18 3 2801 50 13 2 779 18273856174244 172 494188024 28 840396 1 1 221 2681242964 491 58271858836 60 45470739 16 1 507 126803454420 62 107239617]], elapsed:[4.317792844s]
W190427 20:54:37.076372 27 workload/kv/kv.go:378  JENNDEBUG, keys:[[3594 0 1769 0 372 17410006304 51 4098 0 653 3173755868608 81 197503772 22 433967 6 32503 1 64898]], elapsed:[3.051171714s]
W190427 20:54:37.187224 124 workload/kv/kv.go:378  JENNDEBUG, keys:[[90025 2 7622 531 396907884396904 123 20 672 87738737077130896 141 332182017 25 3877 0 22527 1 190568 2 10337 850 592571741 24 22122 1 710 59140322147136424 158 302927703 26 37233 0 945 41047026357279 203 886657322 29 1352440 8 47760 1 415]], elapsed:[24.008423335s]
W190427 20:54:37.251242 127 workload/kv/kv.go:378  JENNDEBUG, keys:[[33684262840 52 5062681 15 1062 752888681 27 878342 8 39279]], elapsed:[1.82840405s]
W190427 20:54:37.269354 130 workload/kv/kv.go:378  JENNDEBUG, keys:[[12957361 12 7250230226 15223727 112704 3 19293 1 21436 0 6158 0 366180 4 28673 1 1 2367 0 412 39174853593]], elapsed:[12.269351886s]
W190427 20:54:37.448670 129 workload/kv/kv.go:378  JENNDEBUG, keys:[[591 610946242095817 117 176396546 21 1413356 6 1538 44280870816745968 150 3730650508 36 2309711 7 9319 0 128 5 26 1 5 733 2889223755150 89 32164892 21 586431 4 33347 1 486 68 20 3 103692 4433 641 717320719012 126 237257877]], elapsed:[8.564771567s]
W190427 20:54:37.588778 27 workload/kv/kv.go:378  JENNDEBUG, keys:[[1 907320789675 126 17924 1107 540635118602870 216 2051856451 32 6210598]], elapsed:[512.337627ms]
W190427 20:54:37.595954 122 workload/kv/kv.go:378  JENNDEBUG, keys:[[427 20722890 14 3 54728 1 13 133830 2 10589 0 2 0 22 477238 7]], elapsed:[10.551329204s]
W190427 20:54:37.650195 26 workload/kv/kv.go:378  JENNDEBUG, keys:[[1231441426000697856 296 5112001369 42 10274688 11 2 191308 2 929]], elapsed:[3.092931765s]
W190427 20:54:37.658992 121 workload/kv/kv.go:378  JENNDEBUG, keys:[[70 15848248 13 131848 4 108 16 5 17376 0 13073 0 14197 0 288201611317473 186 606834011 28 4352162 8]], elapsed:[8.458509302s]
W190427 20:54:37.698922 118 workload/kv/kv.go:378  JENNDEBUG, keys:[[5095 0 1661 0 37 1966733 7 82195 2 2130 349 12289852244 46 127426 2 4706 0 0 169 26 27713 1820 0 24 41035 1 353 19366321154 25762796 154232 2 13310 0 814 93826391169131552 156]], elapsed:[5.143814278s]
W190427 20:54:37.744747 125 workload/kv/kv.go:378  JENNDEBUG, keys:[[328 10532108292 41 18919914 12 110797 2 1497 301 6474546258]], elapsed:[2.280244167s]
W190427 20:54:38.016253 129 workload/kv/kv.go:378  JENNDEBUG, keys:[[25433 1 541 183446353277 69 60932234 17 295269 5 19790]], elapsed:[567.499039ms]
W190427 20:54:38.064152 136 workload/kv/kv.go:378  JENNDEBUG, keys:[[12 8697 688 175992900 21 400743 6 25117 1 230]], elapsed:[1.245178307s]
W190427 20:54:38.096039 127 workload/kv/kv.go:378  JENNDEBUG, keys:[[81 33311952 14 179255 0 0 46 16067959 12 0]], elapsed:[844.722434ms]
W190427 20:54:38.101693 129 workload/kv/kv.go:378  JENNDEBUG, keys:[[1 2693 396 78822713304 89 51853615 17 232439 5 18505]], elapsed:[85.370882ms]
W190427 20:54:38.153202 122 workload/kv/kv.go:378  JENNDEBUG, keys:[[520 30073868 14 379 28947334109 91 37784714 14 666 5386197538103]], elapsed:[557.149604ms]
W190427 20:54:38.351649 29 workload/kv/kv.go:378  JENNDEBUG, keys:[[2974 27655188885 48 5701438 9 0 372061 10033 1 505 152886693813 70 231267 3 94596 6444 0 8 3802]], elapsed:[6.070383828s]
W190427 20:54:38.573125 116 workload/kv/kv.go:378  JENNDEBUG, keys:[[1126 647972608036172 204 1554986184 1514194 10 1664452 6 27665 3949697184]], elapsed:[3.42440739s]
W190427 20:54:38.609244 123 workload/kv/kv.go:378  JENNDEBUG, keys:[[361 45555895565 53 49305334 16 252 2521928259 34 239 35]], elapsed:[3.774405069s]
W190427 20:54:38.684896 133 workload/kv/kv.go:378  JENNDEBUG, keys:[[8019486 9 4503 0 452 213577476111 15 142614 36872529474752 460635670 1 239051 4 16916 0 87373 7765 0 684 1169391946539 143 132773160 20]], elapsed:[11.305098755s]
W190427 20:54:38.722502 124 workload/kv/kv.go:378  JENNDEBUG, keys:[[151062219997 62 55826351 16 212 965316075 30 6981316 9 61966]], elapsed:[1.535203724s]
W190427 20:54:38.751449 115 workload/kv/kv.go:378  JENNDEBUG, keys:[[2949 0 25971 1563 0 312 4473064387 10 80366 2 4924 0 1237 0 274 3224761199 39 9791743 10 85939 3 49112 2 474 52565840357573 92 49762944 4 12599 0 33 109354 2 0 5398 0 473 215349 13937 0]], elapsed:[15.764725167s]
W190427 20:54:38.792563 115 workload/kv/kv.go:378  JENNDEBUG, keys:[[183 1076456742 29 4169730 8 48020 0 360 47 30624285]], elapsed:[41.042853ms]
W190427 20:54:38.925079 129 workload/kv/kv.go:378  JENNDEBUG, keys:[[173 374066096 25 42884 4010 0 10538 0 112 126917068]], elapsed:[823.311311ms]
